[2025-05-23T07:58:36.037+0000] {local_task_job_runner.py:123} INFO - ::group::Pre task execution logs
[2025-05-23T07:58:36.062+0000] {taskinstance.py:2603} INFO - Dependencies all met for dep_context=non-requeueable deps ti=<TaskInstance: x_videos_scraper_dag.batch_download_task manual__2025-05-23T07:58:20.969225+00:00 [queued]>
[2025-05-23T07:58:36.075+0000] {taskinstance.py:2603} INFO - Dependencies all met for dep_context=requeueable deps ti=<TaskInstance: x_videos_scraper_dag.batch_download_task manual__2025-05-23T07:58:20.969225+00:00 [queued]>
[2025-05-23T07:58:36.076+0000] {taskinstance.py:2856} INFO - Starting attempt 1 of 1
[2025-05-23T07:58:36.096+0000] {taskinstance.py:2879} INFO - Executing <Task(PythonOperator): batch_download_task> on 2025-05-23 07:58:20.969225+00:00
[2025-05-23T07:58:36.100+0000] {standard_task_runner.py:72} INFO - Started process 252 to run task
[2025-05-23T07:58:36.104+0000] {standard_task_runner.py:104} INFO - Running: ['airflow', 'tasks', 'run', 'x_videos_scraper_dag', 'batch_download_task', 'manual__2025-05-23T07:58:20.969225+00:00', '--job-id', '6607', '--raw', '--subdir', 'DAGS_FOLDER/pipeline_x.py', '--cfg-path', '/tmp/tmpbjtjxbed']
[2025-05-23T07:58:36.106+0000] {standard_task_runner.py:105} INFO - Job 6607: Subtask batch_download_task
[2025-05-23T07:58:36.167+0000] {task_command.py:467} INFO - Running <TaskInstance: x_videos_scraper_dag.batch_download_task manual__2025-05-23T07:58:20.969225+00:00 [running]> on host 3aec976f4c6e
[2025-05-23T07:58:36.262+0000] {taskinstance.py:3122} INFO - Exporting env vars: AIRFLOW_CTX_DAG_OWNER='airflow' AIRFLOW_CTX_DAG_ID='x_videos_scraper_dag' AIRFLOW_CTX_TASK_ID='batch_download_task' AIRFLOW_CTX_EXECUTION_DATE='2025-05-23T07:58:20.969225+00:00' AIRFLOW_CTX_TRY_NUMBER='1' AIRFLOW_CTX_DAG_RUN_ID='manual__2025-05-23T07:58:20.969225+00:00'
[2025-05-23T07:58:36.263+0000] {taskinstance.py:731} INFO - ::endgroup::
[2025-05-23T07:58:36.265+0000] {logging_mixin.py:190} INFO - Starting batch download...
[2025-05-23T07:58:36.429+0000] {logging_mixin.py:190} INFO - Internet connection detected. Proceeding...
[2025-05-23T07:58:36.430+0000] {logging_mixin.py:190} INFO - Downloading video from 1900187027783487915...
[2025-05-23T07:58:37.062+0000] {logging_mixin.py:190} INFO - [twitter] Extracting URL: https://x.com/Cristiano/status/1900187027783487915/video/1
[2025-05-23T07:58:37.064+0000] {logging_mixin.py:190} INFO - [twitter] 1900187027783487915: Downloading guest token
[2025-05-23T07:58:37.453+0000] {logging_mixin.py:190} INFO - [twitter] 1900187027783487915: Downloading GraphQL JSON
[2025-05-23T07:58:37.911+0000] {logging_mixin.py:190} INFO - [twitter] Downloading playlist 1900187027783487915 - add --no-playlist to download just the URL-specified video number 1
[2025-05-23T07:58:37.912+0000] {logging_mixin.py:190} INFO - [twitter] 1900187027783487915: Downloading m3u8 information
[2025-05-23T07:58:38.148+0000] {logging_mixin.py:190} INFO - [info] 1900186644029792257: Downloading 1 format(s): hls-audio-128000-Audio
[2025-05-23T07:58:38.153+0000] {logging_mixin.py:190} INFO - [hlsnative] Downloading m3u8 manifest
[2025-05-23T07:58:38.506+0000] {logging_mixin.py:190} INFO - [hlsnative] Total fragments: 15
[2025-05-23T07:58:38.506+0000] {logging_mixin.py:190} INFO - [download] Destination: data/1900187027783487915
[2025-05-23T07:58:38.570+0000] {logging_mixin.py:190} INFO - [download]   6.7% of ~  11.51KiB at    3.73KiB/s ETA Unknown (frag 0/15)
[2025-05-23T07:58:38.571+0000] {logging_mixin.py:190} INFO - [download]   3.3% of ~  23.03KiB at    3.73KiB/s ETA Unknown (frag 1/15)
[2025-05-23T07:58:38.633+0000] {logging_mixin.py:190} INFO - [download]   0.5% of ~ 366.69KiB at    6.85KiB/s ETA Unknown (frag 1/15)
[2025-05-23T07:58:38.634+0000] {logging_mixin.py:190} INFO - [download]   1.0% of ~ 374.19KiB at    6.85KiB/s ETA Unknown (frag 1/15)
[2025-05-23T07:58:38.635+0000] {logging_mixin.py:190} INFO - [download]   2.0% of ~ 389.19KiB at    6.85KiB/s ETA Unknown (frag 1/15)
[2025-05-23T07:58:38.637+0000] {logging_mixin.py:190} INFO - [download]   3.8% of ~ 419.19KiB at    6.85KiB/s ETA Unknown (frag 1/15)
[2025-05-23T07:58:38.642+0000] {logging_mixin.py:190} INFO - [download]   6.6% of ~ 479.19KiB at    6.85KiB/s ETA Unknown (frag 1/15)
[2025-05-23T07:58:38.645+0000] {logging_mixin.py:190} INFO - [download]   8.2% of ~ 599.19KiB at    6.85KiB/s ETA Unknown (frag 1/15)
[2025-05-23T07:58:38.646+0000] {logging_mixin.py:190} INFO - [download]   6.7% of ~ 727.63KiB at    6.85KiB/s ETA Unknown (frag 2/15)
[2025-05-23T07:58:38.708+0000] {logging_mixin.py:190} INFO - [download]  10.4% of ~ 480.83KiB at   79.81KiB/s ETA Unknown (frag 2/15)
[2025-05-23T07:58:38.709+0000] {logging_mixin.py:190} INFO - [download]  10.7% of ~ 485.83KiB at   79.81KiB/s ETA Unknown (frag 2/15)
[2025-05-23T07:58:38.709+0000] {logging_mixin.py:190} INFO - [download]  11.3% of ~ 495.83KiB at   79.81KiB/s ETA Unknown (frag 2/15)
[2025-05-23T07:58:38.713+0000] {logging_mixin.py:190} INFO - [download]  12.4% of ~ 515.83KiB at   79.81KiB/s ETA Unknown (frag 2/15)
[2025-05-23T07:58:38.718+0000] {logging_mixin.py:190} INFO - [download]  14.4% of ~ 555.83KiB at   79.81KiB/s ETA Unknown (frag 2/15)
[2025-05-23T07:58:38.719+0000] {logging_mixin.py:190} INFO - [download]  15.1% of ~ 635.83KiB at   79.81KiB/s ETA Unknown (frag 2/15)
[2025-05-23T07:58:38.720+0000] {logging_mixin.py:190} INFO - [download]  13.4% of ~ 717.20KiB at   79.81KiB/s ETA Unknown (frag 3/15)
[2025-05-23T07:58:38.786+0000] {logging_mixin.py:190} INFO - [download]  18.0% of ~ 539.77KiB at  160.81KiB/s ETA Unknown (frag 3/15)
[2025-05-23T07:58:38.787+0000] {logging_mixin.py:190} INFO - [download]  18.2% of ~ 543.52KiB at  160.81KiB/s ETA Unknown (frag 3/15)
[2025-05-23T07:58:38.787+0000] {logging_mixin.py:190} INFO - [download]  18.7% of ~ 551.02KiB at  160.81KiB/s ETA Unknown (frag 3/15)
[2025-05-23T07:58:38.788+0000] {logging_mixin.py:190} INFO - [download]  19.6% of ~ 566.02KiB at  160.81KiB/s ETA Unknown (frag 3/15)
[2025-05-23T07:58:38.789+0000] {logging_mixin.py:190} INFO - [download]  21.3% of ~ 596.02KiB at  160.81KiB/s ETA Unknown (frag 3/15)
[2025-05-23T07:58:38.794+0000] {logging_mixin.py:190} INFO - [download]  21.9% of ~ 656.02KiB at  160.81KiB/s ETA Unknown (frag 3/15)
[2025-05-23T07:58:38.794+0000] {logging_mixin.py:190} INFO - [download]  20.0% of ~ 718.92KiB at  160.81KiB/s ETA Unknown (frag 4/15)
[2025-05-23T07:58:38.861+0000] {logging_mixin.py:190} INFO - [download]  25.2% of ~ 574.50KiB at  235.75KiB/s ETA Unknown (frag 4/15)
[2025-05-23T07:58:38.862+0000] {logging_mixin.py:190} INFO - [download]  25.4% of ~ 577.50KiB at  235.75KiB/s ETA Unknown (frag 4/15)
[2025-05-23T07:58:38.863+0000] {logging_mixin.py:190} INFO - [download]  25.9% of ~ 583.50KiB at  235.75KiB/s ETA Unknown (frag 4/15)
[2025-05-23T07:58:38.863+0000] {logging_mixin.py:190} INFO - [download]  26.7% of ~ 595.50KiB at  235.75KiB/s ETA Unknown (frag 4/15)
[2025-05-23T07:58:38.864+0000] {logging_mixin.py:190} INFO - [download]  28.2% of ~ 619.50KiB at  235.75KiB/s ETA Unknown (frag 4/15)
[2025-05-23T07:58:38.869+0000] {logging_mixin.py:190} INFO - [download]  28.7% of ~ 667.50KiB at  235.75KiB/s ETA Unknown (frag 4/15)
[2025-05-23T07:58:38.870+0000] {logging_mixin.py:190} INFO - [download]  26.7% of ~ 717.18KiB at  235.75KiB/s ETA Unknown (frag 5/15)
[2025-05-23T07:58:38.936+0000] {logging_mixin.py:190} INFO - [download]  32.2% of ~ 597.05KiB at  300.17KiB/s ETA Unknown (frag 5/15)
[2025-05-23T07:58:38.936+0000] {logging_mixin.py:190} INFO - [download]  32.4% of ~ 599.55KiB at  300.17KiB/s ETA Unknown (frag 5/15)
[2025-05-23T07:58:38.937+0000] {logging_mixin.py:190} INFO - [download]  32.8% of ~ 604.55KiB at  300.17KiB/s ETA Unknown (frag 5/15)
[2025-05-23T07:58:38.937+0000] {logging_mixin.py:190} INFO - [download]  33.6% of ~ 614.55KiB at  300.17KiB/s ETA Unknown (frag 5/15)
[2025-05-23T07:58:38.939+0000] {logging_mixin.py:190} INFO - [download]  35.1% of ~ 634.55KiB at  300.17KiB/s ETA Unknown (frag 5/15)
[2025-05-23T07:58:38.943+0000] {logging_mixin.py:190} INFO - [download]  35.4% of ~ 674.55KiB at  300.17KiB/s ETA Unknown (frag 5/15)
[2025-05-23T07:58:38.944+0000] {logging_mixin.py:190} INFO - [download]  33.4% of ~ 715.35KiB at  300.17KiB/s ETA Unknown (frag 6/15)
[2025-05-23T07:58:39.009+0000] {logging_mixin.py:190} INFO - [download]  39.1% of ~ 613.83KiB at  353.70KiB/s ETA Unknown (frag 6/15)
[2025-05-23T07:58:39.010+0000] {logging_mixin.py:190} INFO - [download]  39.3% of ~ 615.97KiB at  353.70KiB/s ETA Unknown (frag 6/15)
[2025-05-23T07:58:39.011+0000] {logging_mixin.py:190} INFO - [download]  39.6% of ~ 620.25KiB at  353.70KiB/s ETA Unknown (frag 6/15)
[2025-05-23T07:58:39.011+0000] {logging_mixin.py:190} INFO - [download]  40.4% of ~ 628.83KiB at  353.70KiB/s ETA Unknown (frag 6/15)
[2025-05-23T07:58:39.013+0000] {logging_mixin.py:190} INFO - [download]  41.8% of ~ 645.97KiB at  353.70KiB/s ETA Unknown (frag 6/15)
[2025-05-23T07:58:39.017+0000] {logging_mixin.py:190} INFO - [download]  42.1% of ~ 680.25KiB at  353.70KiB/s ETA Unknown (frag 6/15)
[2025-05-23T07:58:39.018+0000] {logging_mixin.py:190} INFO - [download]  40.0% of ~ 715.90KiB at  353.70KiB/s ETA Unknown (frag 7/15)
[2025-05-23T07:58:39.082+0000] {logging_mixin.py:190} INFO - [download]  45.9% of ~ 626.00KiB at  397.77KiB/s ETA Unknown (frag 7/15)
[2025-05-23T07:58:39.083+0000] {logging_mixin.py:190} INFO - [download]  46.1% of ~ 627.88KiB at  397.77KiB/s ETA Unknown (frag 7/15)
[2025-05-23T07:58:39.084+0000] {logging_mixin.py:190} INFO - [download]  46.5% of ~ 631.63KiB at  397.77KiB/s ETA Unknown (frag 7/15)
[2025-05-23T07:58:39.084+0000] {logging_mixin.py:190} INFO - [download]  47.2% of ~ 639.13KiB at  397.77KiB/s ETA Unknown (frag 7/15)
[2025-05-23T07:58:39.086+0000] {logging_mixin.py:190} INFO - [download]  48.5% of ~ 654.13KiB at  397.77KiB/s ETA Unknown (frag 7/15)
[2025-05-23T07:58:39.091+0000] {logging_mixin.py:190} INFO - [download]  48.8% of ~ 684.13KiB at  397.77KiB/s ETA Unknown (frag 7/15)
[2025-05-23T07:58:39.091+0000] {logging_mixin.py:190} INFO - [download]  46.7% of ~ 714.91KiB at  397.77KiB/s ETA Unknown (frag 8/15)
[2025-05-23T07:58:39.155+0000] {logging_mixin.py:190} INFO - [download]  52.7% of ~ 635.87KiB at  433.82KiB/s ETA Unknown (frag 8/15)
[2025-05-23T07:58:39.155+0000] {logging_mixin.py:190} INFO - [download]  52.8% of ~ 637.53KiB at  433.82KiB/s ETA Unknown (frag 8/15)
[2025-05-23T07:58:39.156+0000] {logging_mixin.py:190} INFO - [download]  53.2% of ~ 640.87KiB at  433.82KiB/s ETA Unknown (frag 8/15)
[2025-05-23T07:58:39.158+0000] {logging_mixin.py:190} INFO - [download]  53.9% of ~ 647.53KiB at  433.82KiB/s ETA Unknown (frag 8/15)
[2025-05-23T07:58:39.163+0000] {logging_mixin.py:190} INFO - [download]  55.2% of ~ 660.87KiB at  433.82KiB/s ETA Unknown (frag 8/15)
[2025-05-23T07:58:39.163+0000] {logging_mixin.py:190} INFO - [download]  55.5% of ~ 687.53KiB at  433.82KiB/s ETA Unknown (frag 8/15)
[2025-05-23T07:58:39.164+0000] {logging_mixin.py:190} INFO - [download]  53.3% of ~ 715.29KiB at  433.82KiB/s ETA Unknown (frag 9/15)
[2025-05-23T07:58:39.229+0000] {logging_mixin.py:190} INFO - [download]  59.4% of ~ 643.88KiB at  462.80KiB/s ETA Unknown (frag 9/15)
[2025-05-23T07:58:39.230+0000] {logging_mixin.py:190} INFO - [download]  59.6% of ~ 645.38KiB at  462.80KiB/s ETA Unknown (frag 9/15)
[2025-05-23T07:58:39.231+0000] {logging_mixin.py:190} INFO - [download]  59.9% of ~ 648.38KiB at  462.80KiB/s ETA Unknown (frag 9/15)
[2025-05-23T07:58:39.231+0000] {logging_mixin.py:190} INFO - [download]  60.6% of ~ 654.38KiB at  462.80KiB/s ETA Unknown (frag 9/15)
[2025-05-23T07:58:39.233+0000] {logging_mixin.py:190} INFO - [download]  61.9% of ~ 666.38KiB at  462.80KiB/s ETA Unknown (frag 9/15)
[2025-05-23T07:58:39.237+0000] {logging_mixin.py:190} INFO - [download]  62.2% of ~ 690.38KiB at  462.80KiB/s ETA Unknown (frag 9/15)
[2025-05-23T07:58:39.238+0000] {logging_mixin.py:190} INFO - [download]  60.0% of ~ 715.47KiB at  462.80KiB/s ETA Unknown (frag 10/15)
[2025-05-23T07:58:39.303+0000] {logging_mixin.py:190} INFO - [download]  66.2% of ~ 649.88KiB at  486.30KiB/s ETA Unknown (frag 10/15)
[2025-05-23T07:58:39.304+0000] {logging_mixin.py:190} INFO - [download]  66.4% of ~ 651.24KiB at  486.30KiB/s ETA Unknown (frag 10/15)
[2025-05-23T07:58:39.305+0000] {logging_mixin.py:190} INFO - [download]  66.7% of ~ 653.97KiB at  486.30KiB/s ETA Unknown (frag 10/15)
[2025-05-23T07:58:39.305+0000] {logging_mixin.py:190} INFO - [download]  67.4% of ~ 659.42KiB at  486.30KiB/s ETA Unknown (frag 10/15)
[2025-05-23T07:58:39.307+0000] {logging_mixin.py:190} INFO - [download]  68.7% of ~ 670.33KiB at  486.30KiB/s ETA Unknown (frag 10/15)
[2025-05-23T07:58:39.311+0000] {logging_mixin.py:190} INFO - [download]  68.9% of ~ 692.15KiB at  486.30KiB/s ETA Unknown (frag 10/15)
[2025-05-23T07:58:39.312+0000] {logging_mixin.py:190} INFO - [download]  66.7% of ~ 714.41KiB at  486.30KiB/s ETA Unknown (frag 11/15)
[2025-05-23T07:58:39.377+0000] {logging_mixin.py:190} INFO - [download]  72.9% of ~ 655.32KiB at  505.28KiB/s ETA Unknown (frag 11/15)
[2025-05-23T07:58:39.378+0000] {logging_mixin.py:190} INFO - [download]  73.0% of ~ 656.57KiB at  505.28KiB/s ETA Unknown (frag 11/15)
[2025-05-23T07:58:39.378+0000] {logging_mixin.py:190} INFO - [download]  73.4% of ~ 659.07KiB at  505.28KiB/s ETA Unknown (frag 11/15)
[2025-05-23T07:58:39.379+0000] {logging_mixin.py:190} INFO - [download]  74.0% of ~ 664.07KiB at  505.28KiB/s ETA Unknown (frag 11/15)
[2025-05-23T07:58:39.381+0000] {logging_mixin.py:190} INFO - [download]  75.3% of ~ 674.07KiB at  505.28KiB/s ETA Unknown (frag 11/15)
[2025-05-23T07:58:39.385+0000] {logging_mixin.py:190} INFO - [download]  75.5% of ~ 694.07KiB at  505.28KiB/s ETA Unknown (frag 11/15)
[2025-05-23T07:58:39.385+0000] {logging_mixin.py:190} INFO - [download]  73.3% of ~ 714.91KiB at  505.28KiB/s ETA Unknown (frag 12/15)
[2025-05-23T07:58:39.452+0000] {logging_mixin.py:190} INFO - [download]  79.6% of ~ 659.87KiB at  520.66KiB/s ETA Unknown (frag 12/15)
[2025-05-23T07:58:39.453+0000] {logging_mixin.py:190} INFO - [download]  79.8% of ~ 661.03KiB at  520.66KiB/s ETA Unknown (frag 12/15)
[2025-05-23T07:58:39.453+0000] {logging_mixin.py:190} INFO - [download]  80.1% of ~ 663.33KiB at  520.66KiB/s ETA Unknown (frag 12/15)
[2025-05-23T07:58:39.454+0000] {logging_mixin.py:190} INFO - [download]  80.7% of ~ 667.95KiB at  520.66KiB/s ETA Unknown (frag 12/15)
[2025-05-23T07:58:39.456+0000] {logging_mixin.py:190} INFO - [download]  82.0% of ~ 677.18KiB at  520.66KiB/s ETA Unknown (frag 12/15)
[2025-05-23T07:58:39.460+0000] {logging_mixin.py:190} INFO - [download]  82.2% of ~ 695.64KiB at  520.66KiB/s ETA Unknown (frag 12/15)
[2025-05-23T07:58:39.461+0000] {logging_mixin.py:190} INFO - [download]  80.0% of ~ 714.84KiB at  520.66KiB/s ETA Unknown (frag 13/15)
[2025-05-23T07:58:39.525+0000] {logging_mixin.py:190} INFO - [download]  86.3% of ~ 663.58KiB at  533.46KiB/s ETA 00:00 (frag 13/15)  
[2025-05-23T07:58:39.526+0000] {logging_mixin.py:190} INFO - [download]  86.5% of ~ 664.65KiB at  533.46KiB/s ETA 00:00 (frag 13/15)
[2025-05-23T07:58:39.526+0000] {logging_mixin.py:190} INFO - [download]  86.8% of ~ 666.79KiB at  533.46KiB/s ETA 00:00 (frag 13/15)
[2025-05-23T07:58:39.527+0000] {logging_mixin.py:190} INFO - [download]  87.5% of ~ 671.08KiB at  533.46KiB/s ETA 00:00 (frag 13/15)
[2025-05-23T07:58:39.529+0000] {logging_mixin.py:190} INFO - [download]  88.7% of ~ 679.65KiB at  533.46KiB/s ETA 00:00 (frag 13/15)
[2025-05-23T07:58:39.533+0000] {logging_mixin.py:190} INFO - [download]  88.9% of ~ 696.79KiB at  533.46KiB/s ETA 00:00 (frag 13/15)
[2025-05-23T07:58:39.534+0000] {logging_mixin.py:190} INFO - [download]  86.7% of ~ 714.42KiB at  533.46KiB/s ETA 00:00 (frag 14/15)
[2025-05-23T07:58:39.599+0000] {logging_mixin.py:190} INFO - [download]  93.0% of ~ 666.93KiB at  544.03KiB/s ETA 00:00 (frag 14/15)
[2025-05-23T07:58:39.600+0000] {logging_mixin.py:190} INFO - [download]  93.2% of ~ 667.93KiB at  544.03KiB/s ETA 00:00 (frag 14/15)
[2025-05-23T07:58:39.600+0000] {logging_mixin.py:190} INFO - [download]  93.5% of ~ 669.93KiB at  544.03KiB/s ETA 00:00 (frag 14/15)
[2025-05-23T07:58:39.601+0000] {logging_mixin.py:190} INFO - [download]  94.1% of ~ 673.93KiB at  544.03KiB/s ETA 00:00 (frag 14/15)
[2025-05-23T07:58:39.603+0000] {logging_mixin.py:190} INFO - [download]  95.4% of ~ 681.93KiB at  544.03KiB/s ETA 00:00 (frag 14/15)
[2025-05-23T07:58:39.607+0000] {logging_mixin.py:190} INFO - [download]  95.6% of ~ 697.93KiB at  544.03KiB/s ETA 00:00 (frag 14/15)
[2025-05-23T07:58:39.608+0000] {logging_mixin.py:190} INFO - [download]  93.3% of ~ 714.53KiB at  544.03KiB/s ETA 00:00 (frag 15/15)
[2025-05-23T07:58:39.676+0000] {logging_mixin.py:190} INFO - [download] 100.0% of ~ 667.93KiB at  552.41KiB/s ETA 00:00 (frag 15/15)
[2025-05-23T07:58:39.677+0000] {logging_mixin.py:190} INFO - [download] 100.0% of ~ 669.93KiB at  552.41KiB/s ETA 00:00 (frag 15/15)
[2025-05-23T07:58:39.677+0000] {logging_mixin.py:190} INFO - [download] 100.0% of ~ 673.93KiB at  552.41KiB/s ETA 00:00 (frag 15/15)
[2025-05-23T07:58:39.678+0000] {logging_mixin.py:190} INFO - [download] 100.0% of ~ 681.93KiB at  552.41KiB/s ETA 00:00 (frag 15/15)
[2025-05-23T07:58:39.678+0000] {logging_mixin.py:190} INFO - [download] 100.0% of ~ 683.60KiB at  552.41KiB/s ETA 00:00 (frag 15/15)
[2025-05-23T07:58:39.679+0000] {logging_mixin.py:190} INFO - [download] 100.0% of ~ 683.60KiB at  552.41KiB/s ETA 00:00 (frag 16/15)
[2025-05-23T07:58:39.680+0000] {logging_mixin.py:190} INFO - [download] 100% of  683.60KiB in 00:00:01 at 583.43KiB/s               
[2025-05-23T07:58:39.846+0000] {logging_mixin.py:190} INFO - [ExtractAudio] Destination: data/1900187027783487915.mp3
[2025-05-23T07:58:40.381+0000] {logging_mixin.py:190} INFO - Deleting original file data/1900187027783487915 (pass -k to keep)
[2025-05-23T07:58:40.385+0000] {logging_mixin.py:190} INFO - 
Downloaded successfully: 1900187027783487915
[2025-05-23T07:58:40.387+0000] {taskinstance.py:3301} ERROR - Task failed with exception
Traceback (most recent call last):
  File "/opt/airflow/dags/app/core/database_utils.py", line 139, in update_video_status
    video = db.query(X).filter(X.video_id == video_id).first()
AttributeError: 'str' object has no attribute 'query'

During handling of the above exception, another exception occurred:

Traceback (most recent call last):
  File "/home/airflow/.local/lib/python3.10/site-packages/airflow/models/taskinstance.py", line 767, in _execute_task
    result = _execute_callable(context=context, **execute_callable_kwargs)
  File "/home/airflow/.local/lib/python3.10/site-packages/airflow/models/taskinstance.py", line 733, in _execute_callable
    return ExecutionCallableRunner(
  File "/home/airflow/.local/lib/python3.10/site-packages/airflow/utils/operator_helpers.py", line 252, in run
    return self.func(*args, **kwargs)
  File "/home/airflow/.local/lib/python3.10/site-packages/airflow/models/baseoperator.py", line 406, in wrapper
    return func(self, *args, **kwargs)
  File "/home/airflow/.local/lib/python3.10/site-packages/airflow/operators/python.py", line 238, in execute
    return_value = self.execute_callable()
  File "/home/airflow/.local/lib/python3.10/site-packages/airflow/operators/python.py", line 256, in execute_callable
    return runner.run(*self.op_args, **self.op_kwargs)
  File "/home/airflow/.local/lib/python3.10/site-packages/airflow/utils/operator_helpers.py", line 252, in run
    return self.func(*args, **kwargs)
  File "/opt/airflow/dags/tasks/batch_download.py", line 34, in batch_download
    update_video_status(video_id, TaskStatus.PROCESSING.value, platform=platform)
  File "/opt/airflow/dags/app/core/database_utils.py", line 168, in update_video_status
    db.close()
AttributeError: 'str' object has no attribute 'close'
[2025-05-23T07:58:40.396+0000] {taskinstance.py:1225} INFO - Marking task as FAILED. dag_id=x_videos_scraper_dag, task_id=batch_download_task, run_id=manual__2025-05-23T07:58:20.969225+00:00, execution_date=20250523T075820, start_date=20250523T075836, end_date=20250523T075840
[2025-05-23T07:58:40.407+0000] {taskinstance.py:340} INFO - ::group::Post task execution logs
[2025-05-23T07:58:40.407+0000] {standard_task_runner.py:124} ERROR - Failed to execute job 6607 for task batch_download_task ('str' object has no attribute 'close'; 252)
Traceback (most recent call last):
  File "/opt/airflow/dags/app/core/database_utils.py", line 139, in update_video_status
    video = db.query(X).filter(X.video_id == video_id).first()
AttributeError: 'str' object has no attribute 'query'

During handling of the above exception, another exception occurred:

Traceback (most recent call last):
  File "/home/airflow/.local/lib/python3.10/site-packages/airflow/task/task_runner/standard_task_runner.py", line 117, in _start_by_fork
    ret = args.func(args, dag=self.dag)
  File "/home/airflow/.local/lib/python3.10/site-packages/airflow/cli/cli_config.py", line 49, in command
    return func(*args, **kwargs)
  File "/home/airflow/.local/lib/python3.10/site-packages/airflow/utils/cli.py", line 115, in wrapper
    return f(*args, **kwargs)
  File "/home/airflow/.local/lib/python3.10/site-packages/airflow/cli/commands/task_command.py", line 483, in task_run
    task_return_code = _run_task_by_selected_method(args, _dag, ti)
  File "/home/airflow/.local/lib/python3.10/site-packages/airflow/cli/commands/task_command.py", line 256, in _run_task_by_selected_method
    return _run_raw_task(args, ti)
  File "/home/airflow/.local/lib/python3.10/site-packages/airflow/cli/commands/task_command.py", line 341, in _run_raw_task
    return ti._run_raw_task(
  File "/home/airflow/.local/lib/python3.10/site-packages/airflow/utils/session.py", line 97, in wrapper
    return func(*args, session=session, **kwargs)
  File "/home/airflow/.local/lib/python3.10/site-packages/airflow/models/taskinstance.py", line 2995, in _run_raw_task
    return _run_raw_task(
  File "/home/airflow/.local/lib/python3.10/site-packages/airflow/models/taskinstance.py", line 273, in _run_raw_task
    TaskInstance._execute_task_with_callbacks(
  File "/home/airflow/.local/lib/python3.10/site-packages/airflow/models/taskinstance.py", line 3149, in _execute_task_with_callbacks
    result = self._execute_task(context, task_orig)
  File "/home/airflow/.local/lib/python3.10/site-packages/airflow/models/taskinstance.py", line 3173, in _execute_task
    return _execute_task(self, context, task_orig)
  File "/home/airflow/.local/lib/python3.10/site-packages/airflow/models/taskinstance.py", line 767, in _execute_task
    result = _execute_callable(context=context, **execute_callable_kwargs)
  File "/home/airflow/.local/lib/python3.10/site-packages/airflow/models/taskinstance.py", line 733, in _execute_callable
    return ExecutionCallableRunner(
  File "/home/airflow/.local/lib/python3.10/site-packages/airflow/utils/operator_helpers.py", line 252, in run
    return self.func(*args, **kwargs)
  File "/home/airflow/.local/lib/python3.10/site-packages/airflow/models/baseoperator.py", line 406, in wrapper
    return func(self, *args, **kwargs)
  File "/home/airflow/.local/lib/python3.10/site-packages/airflow/operators/python.py", line 238, in execute
    return_value = self.execute_callable()
  File "/home/airflow/.local/lib/python3.10/site-packages/airflow/operators/python.py", line 256, in execute_callable
    return runner.run(*self.op_args, **self.op_kwargs)
  File "/home/airflow/.local/lib/python3.10/site-packages/airflow/utils/operator_helpers.py", line 252, in run
    return self.func(*args, **kwargs)
  File "/opt/airflow/dags/tasks/batch_download.py", line 34, in batch_download
    update_video_status(video_id, TaskStatus.PROCESSING.value, platform=platform)
  File "/opt/airflow/dags/app/core/database_utils.py", line 168, in update_video_status
    db.close()
AttributeError: 'str' object has no attribute 'close'
[2025-05-23T07:58:40.434+0000] {local_task_job_runner.py:261} INFO - Task exited with return code 1
[2025-05-23T07:58:40.451+0000] {taskinstance.py:3891} INFO - 0 downstream tasks scheduled from follow-on schedule check
[2025-05-23T07:58:40.455+0000] {local_task_job_runner.py:240} INFO - ::endgroup::
